<?xml version="1.0" encoding="UTF-8"?>
<!-- Generated by org.testng.reporters.JUnitXMLReporter -->
<testsuite ignored="0" hostname="SARVESH-DESKTOP" failures="0" tests="7" name="Test" time="32.511" errors="0" timestamp="2024-05-21T20:46:18 IST">
  <testcase classname="test.SwagLabLoginTest" name="testLoginBystandard_user" time="0.487"/>
  <testcase classname="test.SwagLabLoginTest" name="testLoginBylocked_out_user" time="0.691"/>
  <testcase classname="test.SwagLabLoginTest" name="loginByproblem_user" time="0.494"/>
  <testcase classname="test.SwagLabLoginTest" name="loginByperformance_glitch_user" time="5.414"/>
  <testcase classname="test.SwagLabLoginTest" name="loginByerror_user" time="0.458"/>
  <testcase classname="test.SwagLabLoginTest" name="loginByvisual_user" time="0.429"/>
  <testcase classname="test.SwagLabAddToCartTest" name="testLoginBystandard_user" time="0.67"/>
</testsuite> <!-- Test -->
